05:32:05 (20970) DEBUG ConfigReader Loading config from stryker.config.json
05:32:05 (20970) DEBUG ConfigReader Loaded config: {
  "$schema": "./node_modules/@stryker-mutator/core/schema/stryker-schema.json",
  "_comment": "This config was generated using 'stryker init'. Please see the guide for more information: https://stryker-mutator.io/docs/stryker-js/guides/react",
  "testRunner": "jest",
  "reporters": [
    "progress",
    "clear-text",
    "html"
  ],
  "coverageAnalysis": "off",
  "jest": {
    "projectType": "create-react-app"
  },
  "mutate": [
    "src/main/**/*.js",
    "src/main/**/*.jsx"
  ],
  "thresholds": {
    "high": 100,
    "low": 90,
    "break": 100
  },
  "fileLogLevel": "trace",
  "logLevel": "debug",
  "allowConsoleColors": true,
  "checkers": [],
  "checkerNodeArgs": [],
  "commandRunner": {
    "command": "npm test"
  },
  "clearTextReporter": {
    "allowColor": true,
    "allowEmojis": false,
    "logTests": true,
    "maxTestsToLog": 3,
    "reportTests": true,
    "reportMutants": true,
    "reportScoreTable": true,
    "skipFull": false
  },
  "dashboard": {
    "baseUrl": "https://dashboard.stryker-mutator.io/api/reports",
    "reportType": "full"
  },
  "dryRunOnly": false,
  "eventReporter": {
    "baseDir": "reports/mutation/events"
  },
  "ignorePatterns": [],
  "ignoreStatic": false,
  "incremental": false,
  "incrementalFile": "reports/stryker-incremental.json",
  "force": false,
  "inPlace": false,
  "maxConcurrentTestRunners": 9007199254740991,
  "maxTestRunnerReuse": 0,
  "mutator": {
    "plugins": null,
    "excludedMutations": []
  },
  "plugins": [
    "@stryker-mutator/*"
  ],
  "appendPlugins": [],
  "htmlReporter": {
    "fileName": "reports/mutation/mutation.html"
  },
  "jsonReporter": {
    "fileName": "reports/mutation/mutation.json"
  },
  "disableTypeChecks": true,
  "symlinkNodeModules": true,
  "tempDirName": ".stryker-tmp",
  "cleanTempDir": true,
  "testRunnerNodeArgs": [],
  "timeoutFactor": 1.5,
  "timeoutMS": 5000,
  "dryRunTimeoutMinutes": 5,
  "tsconfigFile": "tsconfig.json",
  "warnings": true,
  "disableBail": false,
  "allowEmpty": false,
  "ignorers": []
}
05:32:05 (20970) DEBUG PluginLoader Loading @stryker-mutator/* from /Users/mihirkondapalli/Desktop/CS156/team02-s25-10/frontend/node_modules/@stryker-mutator
05:32:05 (20970) DEBUG PluginLoader Loading plugin "@stryker-mutator/jest-runner" (matched with expression @stryker-mutator/*)
05:32:05 (20970) DEBUG PluginLoader Loading plugin @stryker-mutator/jest-runner
05:32:05 (20970) DEBUG PluginLoader Loading plugin file:///Users/mihirkondapalli/Desktop/CS156/team02-s25-10/frontend/node_modules/@stryker-mutator/core/dist/src/reporters/index.js
05:32:05 (20970) DEBUG MetaSchemaBuilder Contributing 1 schemas from plugins to options validation.
05:32:05 (20970) WARN ProjectReader Glob pattern "src/main/**/*.jsx" did not result in any files.
05:32:05 (20970) INFO ProjectReader Found 31 of 167 file(s) to be mutated.
05:32:05 (20970) DEBUG ProjectReader All input files: [
  "/Users/mihirkondapalli/Desktop/CS156/team02-s25-10/frontend/.gitignore",
  "/Users/mihirkondapalli/Desktop/CS156/team02-s25-10/frontend/.storybook/main.js",
  "/Users/mihirkondapalli/Desktop/CS156/team02-s25-10/frontend/.storybook/preview.js",
  "/Users/mihirkondapalli/Desktop/CS156/team02-s25-10/frontend/README.md",
  "/Users/mihirkondapalli/Desktop/CS156/team02-s25-10/frontend/chromatic.config.json",
  "/Users/mihirkondapalli/Desktop/CS156/team02-s25-10/frontend/coverage/clover.xml",
  "/Users/mihirkondapalli/Desktop/CS156/team02-s25-10/frontend/coverage/coverage-final.json",
  "/Users/mihirkondapalli/Desktop/CS156/team02-s25-10/frontend/coverage/lcov-report/base.css",
  "/Users/mihirkondapalli/Desktop/CS156/team02-s25-10/frontend/coverage/lcov-report/block-navigation.js",
  "/Users/mihirkondapalli/Desktop/CS156/team02-s25-10/frontend/coverage/lcov-report/components/Nav/AppNavbar.js.html",
  "/Users/mihirkondapalli/Desktop/CS156/team02-s25-10/frontend/coverage/lcov-report/components/Nav/AppNavbarLocalhost.js.html",
  "/Users/mihirkondapalli/Desktop/CS156/team02-s25-10/frontend/coverage/lcov-report/components/Nav/Footer.js.html",
  "/Users/mihirkondapalli/Desktop/CS156/team02-s25-10/frontend/coverage/lcov-report/components/Nav/index.html",
  "/Users/mihirkondapalli/Desktop/CS156/team02-s25-10/frontend/coverage/lcov-report/components/OurTable.js.html",
  "/Users/mihirkondapalli/Desktop/CS156/team02-s25-10/frontend/coverage/lcov-report/components/Profile/RoleBadge.js.html",
  "/Users/mihirkondapalli/Desktop/CS156/team02-s25-10/frontend/coverage/lcov-report/components/Profile/index.html",
  "/Users/mihirkondapalli/Desktop/CS156/team02-s25-10/frontend/coverage/lcov-report/components/RecommendationRequests/RecommendationForm.js.html",
  "/Users/mihirkondapalli/Desktop/CS156/team02-s25-10/frontend/coverage/lcov-report/components/RecommendationRequests/RecommendationTable.js.html",
  "/Users/mihirkondapalli/Desktop/CS156/team02-s25-10/frontend/coverage/lcov-report/components/RecommendationRequests/index.html",
  "/Users/mihirkondapalli/Desktop/CS156/team02-s25-10/frontend/coverage/lcov-report/components/Restaurants/RestaurantForm.js.html",
  "/Users/mihirkondapalli/Desktop/CS156/team02-s25-10/frontend/coverage/lcov-report/components/Restaurants/RestaurantTable.js.html",
  "/Users/mihirkondapalli/Desktop/CS156/team02-s25-10/frontend/coverage/lcov-report/components/Restaurants/index.html",
  "/Users/mihirkondapalli/Desktop/CS156/team02-s25-10/frontend/coverage/lcov-report/components/UCSBDates/UCSBDateForm.js.html",
  "/Users/mihirkondapalli/Desktop/CS156/team02-s25-10/frontend/coverage/lcov-report/components/UCSBDates/UCSBDatesTable.js.html",
  "/Users/mihirkondapalli/Desktop/CS156/team02-s25-10/frontend/coverage/lcov-report/components/UCSBDates/index.html",
  "/Users/mihirkondapalli/Desktop/CS156/team02-s25-10/frontend/coverage/lcov-report/components/Users/UsersTable.js.html",
  "/Users/mihirkondapalli/Desktop/CS156/team02-s25-10/frontend/coverage/lcov-report/components/Users/index.html",
  "/Users/mihirkondapalli/Desktop/CS156/team02-s25-10/frontend/coverage/lcov-report/components/index.html",
  "/Users/mihirkondapalli/Desktop/CS156/team02-s25-10/frontend/coverage/lcov-report/favicon.png",
  "/Users/mihirkondapalli/Desktop/CS156/team02-s25-10/frontend/coverage/lcov-report/index.html",
  "/Users/mihirkondapalli/Desktop/CS156/team02-s25-10/frontend/coverage/lcov-report/layouts/BasicLayout/BasicLayout.js.html",
  "/Users/mihirkondapalli/Desktop/CS156/team02-s25-10/frontend/coverage/lcov-report/layouts/BasicLayout/index.html",
  "/Users/mihirkondapalli/Desktop/CS156/team02-s25-10/frontend/coverage/lcov-report/pages/AdminUsersPage.js.html",
  "/Users/mihirkondapalli/Desktop/CS156/team02-s25-10/frontend/coverage/lcov-report/pages/HomePage.js.html",
  "/Users/mihirkondapalli/Desktop/CS156/team02-s25-10/frontend/coverage/lcov-report/pages/ProfilePage.js.html",
  "/Users/mihirkondapalli/Desktop/CS156/team02-s25-10/frontend/coverage/lcov-report/pages/RecommendationRequests/RecommendationRequestCreatePage.js.html",
  "/Users/mihirkondapalli/Desktop/CS156/team02-s25-10/frontend/coverage/lcov-report/pages/RecommendationRequests/RecommendationRequestEditPage.js.html",
  "/Users/mihirkondapalli/Desktop/CS156/team02-s25-10/frontend/coverage/lcov-report/pages/RecommendationRequests/RecommendationRequestIndexPage.js.html",
  "/Users/mihirkondapalli/Desktop/CS156/team02-s25-10/frontend/coverage/lcov-report/pages/RecommendationRequests/index.html",
  "/Users/mihirkondapalli/Desktop/CS156/team02-s25-10/frontend/coverage/lcov-report/pages/Restaurants/RestaurantCreatePage.js.html",
  "/Users/mihirkondapalli/Desktop/CS156/team02-s25-10/frontend/coverage/lcov-report/pages/Restaurants/RestaurantEditPage.js.html",
  "/Users/mihirkondapalli/Desktop/CS156/team02-s25-10/frontend/coverage/lcov-report/pages/Restaurants/RestaurantIndexPage.js.html",
  "/Users/mihirkondapalli/Desktop/CS156/team02-s25-10/frontend/coverage/lcov-report/pages/Restaurants/index.html",
  "/Users/mihirkondapalli/Desktop/CS156/team02-s25-10/frontend/coverage/lcov-report/pages/UCSBDates/UCSBDatesCreatePage.js.html",
  "/Users/mihirkondapalli/Desktop/CS156/team02-s25-10/frontend/coverage/lcov-report/pages/UCSBDates/UCSBDatesEditPage.js.html",
  "/Users/mihirkondapalli/Desktop/CS156/team02-s25-10/frontend/coverage/lcov-report/pages/UCSBDates/UCSBDatesIndexPage.js.html",
  "/Users/mihirkondapalli/Desktop/CS156/team02-s25-10/frontend/coverage/lcov-report/pages/UCSBDates/index.html",
  "/Users/mihirkondapalli/Desktop/CS156/team02-s25-10/frontend/coverage/lcov-report/pages/index.html",
  "/Users/mihirkondapalli/Desktop/CS156/team02-s25-10/frontend/coverage/lcov-report/prettify.css",
  "/Users/mihirkondapalli/Desktop/CS156/team02-s25-10/frontend/coverage/lcov-report/prettify.js",
  "/Users/mihirkondapalli/Desktop/CS156/team02-s25-10/frontend/coverage/lcov-report/sort-arrow-sprite.png",
  "/Users/mihirkondapalli/Desktop/CS156/team02-s25-10/frontend/coverage/lcov-report/sorter.js",
  "/Users/mihirkondapalli/Desktop/CS156/team02-s25-10/frontend/coverage/lcov-report/utils/UCSBDateUtils.js.html",
  "/Users/mihirkondapalli/Desktop/CS156/team02-s25-10/frontend/coverage/lcov-report/utils/currentUser.js.html",
  "/Users/mihirkondapalli/Desktop/CS156/team02-s25-10/frontend/coverage/lcov-report/utils/index.html",
  "/Users/mihirkondapalli/Desktop/CS156/team02-s25-10/frontend/coverage/lcov-report/utils/recommendationRequestUtils.js.html",
  "/Users/mihirkondapalli/Desktop/CS156/team02-s25-10/frontend/coverage/lcov-report/utils/restaurantUtils.js.html",
  "/Users/mihirkondapalli/Desktop/CS156/team02-s25-10/frontend/coverage/lcov-report/utils/systemInfo.js.html",
  "/Users/mihirkondapalli/Desktop/CS156/team02-s25-10/frontend/coverage/lcov-report/utils/useBackend.js.html",
  "/Users/mihirkondapalli/Desktop/CS156/team02-s25-10/frontend/coverage/lcov.info",
  "/Users/mihirkondapalli/Desktop/CS156/team02-s25-10/frontend/docs-index/_branches/.keep",
  "/Users/mihirkondapalli/Desktop/CS156/team02-s25-10/frontend/docs-index/_config.yml",
  "/Users/mihirkondapalli/Desktop/CS156/team02-s25-10/frontend/docs-index/_layouts/default.html",
  "/Users/mihirkondapalli/Desktop/CS156/team02-s25-10/frontend/docs-index/index.md",
  "/Users/mihirkondapalli/Desktop/CS156/team02-s25-10/frontend/jsconfig.json",
  "/Users/mihirkondapalli/Desktop/CS156/team02-s25-10/frontend/package-lock.json",
  "/Users/mihirkondapalli/Desktop/CS156/team02-s25-10/frontend/package.json",
  "/Users/mihirkondapalli/Desktop/CS156/team02-s25-10/frontend/public/favicon.ico",
  "/Users/mihirkondapalli/Desktop/CS156/team02-s25-10/frontend/public/index.html",
  "/Users/mihirkondapalli/Desktop/CS156/team02-s25-10/frontend/public/logo192.png",
  "/Users/mihirkondapalli/Desktop/CS156/team02-s25-10/frontend/public/logo512.png",
  "/Users/mihirkondapalli/Desktop/CS156/team02-s25-10/frontend/public/manifest.json",
  "/Users/mihirkondapalli/Desktop/CS156/team02-s25-10/frontend/public/mockServiceWorker.js",
  "/Users/mihirkondapalli/Desktop/CS156/team02-s25-10/frontend/public/robots.txt",
  "/Users/mihirkondapalli/Desktop/CS156/team02-s25-10/frontend/src/App.js",
  "/Users/mihirkondapalli/Desktop/CS156/team02-s25-10/frontend/src/fixtures/currentUserFixtures.js",
  "/Users/mihirkondapalli/Desktop/CS156/team02-s25-10/frontend/src/fixtures/recommendationRequestFixtures.js",
  "/Users/mihirkondapalli/Desktop/CS156/team02-s25-10/frontend/src/fixtures/restaurantFixtures.js",
  "/Users/mihirkondapalli/Desktop/CS156/team02-s25-10/frontend/src/fixtures/studentFixtures.js",
  "/Users/mihirkondapalli/Desktop/CS156/team02-s25-10/frontend/src/fixtures/systemInfoFixtures.js",
  "/Users/mihirkondapalli/Desktop/CS156/team02-s25-10/frontend/src/fixtures/temp.json",
  "/Users/mihirkondapalli/Desktop/CS156/team02-s25-10/frontend/src/fixtures/ucsbDatesFixtures.js",
  "/Users/mihirkondapalli/Desktop/CS156/team02-s25-10/frontend/src/fixtures/usersFixtures.js",
  "/Users/mihirkondapalli/Desktop/CS156/team02-s25-10/frontend/src/index.css",
  "/Users/mihirkondapalli/Desktop/CS156/team02-s25-10/frontend/src/index.js",
  "/Users/mihirkondapalli/Desktop/CS156/team02-s25-10/frontend/src/main/components/Nav/AppNavbar.js",
  "/Users/mihirkondapalli/Desktop/CS156/team02-s25-10/frontend/src/main/components/Nav/AppNavbarLocalhost.js",
  "/Users/mihirkondapalli/Desktop/CS156/team02-s25-10/frontend/src/main/components/Nav/Footer.js",
  "/Users/mihirkondapalli/Desktop/CS156/team02-s25-10/frontend/src/main/components/OurTable.js",
  "/Users/mihirkondapalli/Desktop/CS156/team02-s25-10/frontend/src/main/components/Profile/RoleBadge.js",
  "/Users/mihirkondapalli/Desktop/CS156/team02-s25-10/frontend/src/main/components/RecommendationRequests/RecommendationForm.js",
  "/Users/mihirkondapalli/Desktop/CS156/team02-s25-10/frontend/src/main/components/RecommendationRequests/RecommendationTable.js",
  "/Users/mihirkondapalli/Desktop/CS156/team02-s25-10/frontend/src/main/components/Restaurants/RestaurantForm.js",
  "/Users/mihirkondapalli/Desktop/CS156/team02-s25-10/frontend/src/main/components/Restaurants/RestaurantTable.js",
  "/Users/mihirkondapalli/Desktop/CS156/team02-s25-10/frontend/src/main/components/UCSBDates/UCSBDateForm.js",
  "/Users/mihirkondapalli/Desktop/CS156/team02-s25-10/frontend/src/main/components/UCSBDates/UCSBDatesTable.js",
  "/Users/mihirkondapalli/Desktop/CS156/team02-s25-10/frontend/src/main/components/Users/UsersTable.js",
  "/Users/mihirkondapalli/Desktop/CS156/team02-s25-10/frontend/src/main/layouts/BasicLayout/BasicLayout.js",
  "/Users/mihirkondapalli/Desktop/CS156/team02-s25-10/frontend/src/main/pages/AdminUsersPage.js",
  "/Users/mihirkondapalli/Desktop/CS156/team02-s25-10/frontend/src/main/pages/HomePage.js",
  "/Users/mihirkondapalli/Desktop/CS156/team02-s25-10/frontend/src/main/pages/ProfilePage.js",
  "/Users/mihirkondapalli/Desktop/CS156/team02-s25-10/frontend/src/main/pages/RecommendationRequests/RecommendationRequestCreatePage.js",
  "/Users/mihirkondapalli/Desktop/CS156/team02-s25-10/frontend/src/main/pages/RecommendationRequests/RecommendationRequestEditPage.js",
  "/Users/mihirkondapalli/Desktop/CS156/team02-s25-10/frontend/src/main/pages/RecommendationRequests/RecommendationRequestIndexPage.js",
  "/Users/mihirkondapalli/Desktop/CS156/team02-s25-10/frontend/src/main/pages/Restaurants/RestaurantCreatePage.js",
  "/Users/mihirkondapalli/Desktop/CS156/team02-s25-10/frontend/src/main/pages/Restaurants/RestaurantEditPage.js",
  "/Users/mihirkondapalli/Desktop/CS156/team02-s25-10/frontend/src/main/pages/Restaurants/RestaurantIndexPage.js",
  "/Users/mihirkondapalli/Desktop/CS156/team02-s25-10/frontend/src/main/pages/UCSBDates/UCSBDatesCreatePage.js",
  "/Users/mihirkondapalli/Desktop/CS156/team02-s25-10/frontend/src/main/pages/UCSBDates/UCSBDatesEditPage.js",
  "/Users/mihirkondapalli/Desktop/CS156/team02-s25-10/frontend/src/main/pages/UCSBDates/UCSBDatesIndexPage.js",
  "/Users/mihirkondapalli/Desktop/CS156/team02-s25-10/frontend/src/main/utils/UCSBDateUtils.js",
  "/Users/mihirkondapalli/Desktop/CS156/team02-s25-10/frontend/src/main/utils/currentUser.js",
  "/Users/mihirkondapalli/Desktop/CS156/team02-s25-10/frontend/src/main/utils/recommendationRequestUtils.js",
  "/Users/mihirkondapalli/Desktop/CS156/team02-s25-10/frontend/src/main/utils/restaurantUtils.js",
  "/Users/mihirkondapalli/Desktop/CS156/team02-s25-10/frontend/src/main/utils/systemInfo.js",
  "/Users/mihirkondapalli/Desktop/CS156/team02-s25-10/frontend/src/main/utils/useBackend.js",
  "/Users/mihirkondapalli/Desktop/CS156/team02-s25-10/frontend/src/reportWebVitals.js",
  "/Users/mihirkondapalli/Desktop/CS156/team02-s25-10/frontend/src/setupTests.js",
  "/Users/mihirkondapalli/Desktop/CS156/team02-s25-10/frontend/src/stories/components/Nav/AppNavbar.stories.js",
  "/Users/mihirkondapalli/Desktop/CS156/team02-s25-10/frontend/src/stories/components/OurTable.stories.js",
  "/Users/mihirkondapalli/Desktop/CS156/team02-s25-10/frontend/src/stories/components/RecommendationRequests/RecommendationForm.stories.js",
  "/Users/mihirkondapalli/Desktop/CS156/team02-s25-10/frontend/src/stories/components/RecommendationRequests/RecommendationTable.stories.js",
  "/Users/mihirkondapalli/Desktop/CS156/team02-s25-10/frontend/src/stories/components/Restaurants/RestaurantForm.stories.js",
  "/Users/mihirkondapalli/Desktop/CS156/team02-s25-10/frontend/src/stories/components/Restaurants/RestaurantTable.stories.js",
  "/Users/mihirkondapalli/Desktop/CS156/team02-s25-10/frontend/src/stories/components/UCSBDates/UCSBDateForm.stories.js",
  "/Users/mihirkondapalli/Desktop/CS156/team02-s25-10/frontend/src/stories/components/UCSBDates/UCSBDatesTable.stories.js",
  "/Users/mihirkondapalli/Desktop/CS156/team02-s25-10/frontend/src/stories/pages/HomePage.stories.js",
  "/Users/mihirkondapalli/Desktop/CS156/team02-s25-10/frontend/src/stories/pages/ProfilePage.stories.js",
  "/Users/mihirkondapalli/Desktop/CS156/team02-s25-10/frontend/src/stories/pages/RecommendationRequests/RecommendationRequestCreatePage.stories.js",
  "/Users/mihirkondapalli/Desktop/CS156/team02-s25-10/frontend/src/stories/pages/RecommendationRequests/RecommendationRequestEditPage.stories.js",
  "/Users/mihirkondapalli/Desktop/CS156/team02-s25-10/frontend/src/stories/pages/RecommendationRequests/RecommendationRequestIndexPage.stories.js",
  "/Users/mihirkondapalli/Desktop/CS156/team02-s25-10/frontend/src/stories/pages/Restaurants/RestaurantCreatePage.stories.js",
  "/Users/mihirkondapalli/Desktop/CS156/team02-s25-10/frontend/src/stories/pages/Restaurants/RestaurantEditPage.stories.js",
  "/Users/mihirkondapalli/Desktop/CS156/team02-s25-10/frontend/src/stories/pages/Restaurants/RestaurantIndexPage.stories.js",
  "/Users/mihirkondapalli/Desktop/CS156/team02-s25-10/frontend/src/stories/pages/UCSBDates/UCSBDatesCreatePage.stories.js",
  "/Users/mihirkondapalli/Desktop/CS156/team02-s25-10/frontend/src/stories/pages/UCSBDates/UCSBDatesEditPage.stories.js",
  "/Users/mihirkondapalli/Desktop/CS156/team02-s25-10/frontend/src/stories/pages/UCSBDates/UCSBDatesIndexPage.stories.js",
  "/Users/mihirkondapalli/Desktop/CS156/team02-s25-10/frontend/src/tests/components/Nav/AppNavbar.test.js",
  "/Users/mihirkondapalli/Desktop/CS156/team02-s25-10/frontend/src/tests/components/Nav/AppNavbarLocalhost.test.js",
  "/Users/mihirkondapalli/Desktop/CS156/team02-s25-10/frontend/src/tests/components/Nav/Footer.test.js",
  "/Users/mihirkondapalli/Desktop/CS156/team02-s25-10/frontend/src/tests/components/OurTable.test.js",
  "/Users/mihirkondapalli/Desktop/CS156/team02-s25-10/frontend/src/tests/components/Profile/RoleBadge.test.js",
  "/Users/mihirkondapalli/Desktop/CS156/team02-s25-10/frontend/src/tests/components/RecommendationRequests/RecommendationForm.test.js",
  "/Users/mihirkondapalli/Desktop/CS156/team02-s25-10/frontend/src/tests/components/RecommendationRequests/RecommendationTable.test.js",
  "/Users/mihirkondapalli/Desktop/CS156/team02-s25-10/frontend/src/tests/components/Restaurants/RestaurantForm.test.js",
  "/Users/mihirkondapalli/Desktop/CS156/team02-s25-10/frontend/src/tests/components/Restaurants/RestaurantTable.test.js",
  "/Users/mihirkondapalli/Desktop/CS156/team02-s25-10/frontend/src/tests/components/UCSBDates/UCSBDateForm.test.js",
  "/Users/mihirkondapalli/Desktop/CS156/team02-s25-10/frontend/src/tests/components/UCSBDates/UCSBDatesTable.test.js",
  "/Users/mihirkondapalli/Desktop/CS156/team02-s25-10/frontend/src/tests/components/Users/UsersTable.test.js",
  "/Users/mihirkondapalli/Desktop/CS156/team02-s25-10/frontend/src/tests/pages/AdminUsersPage.test.js",
  "/Users/mihirkondapalli/Desktop/CS156/team02-s25-10/frontend/src/tests/pages/HomePage.test.js",
  "/Users/mihirkondapalli/Desktop/CS156/team02-s25-10/frontend/src/tests/pages/ProfilePage.test.js",
  "/Users/mihirkondapalli/Desktop/CS156/team02-s25-10/frontend/src/tests/pages/RecommendationRequests/RecommendationRequestCreatePage.test.js",
  "/Users/mihirkondapalli/Desktop/CS156/team02-s25-10/frontend/src/tests/pages/RecommendationRequests/RecommendationRequestEditPage.test.js",
  "/Users/mihirkondapalli/Desktop/CS156/team02-s25-10/frontend/src/tests/pages/RecommendationRequests/RecommendationRequestIndexPage.test.js",
  "/Users/mihirkondapalli/Desktop/CS156/team02-s25-10/frontend/src/tests/pages/Restaurants/RestaurantCreatePage.test.js",
  "/Users/mihirkondapalli/Desktop/CS156/team02-s25-10/frontend/src/tests/pages/Restaurants/RestaurantEditPage.test.js",
  "/Users/mihirkondapalli/Desktop/CS156/team02-s25-10/frontend/src/tests/pages/Restaurants/RestaurantIndexPage.test.js",
  "/Users/mihirkondapalli/Desktop/CS156/team02-s25-10/frontend/src/tests/pages/UCSBDates/UCSBDatesCreatePage.test.js",
  "/Users/mihirkondapalli/Desktop/CS156/team02-s25-10/frontend/src/tests/pages/UCSBDates/UCSBDatesEditPage.test.js",
  "/Users/mihirkondapalli/Desktop/CS156/team02-s25-10/frontend/src/tests/pages/UCSBDates/UCSBDatesIndexPage.test.js",
  "/Users/mihirkondapalli/Desktop/CS156/team02-s25-10/frontend/src/tests/utils/UCSBDateUtils.test.js",
  "/Users/mihirkondapalli/Desktop/CS156/team02-s25-10/frontend/src/tests/utils/currentUser.test.js",
  "/Users/mihirkondapalli/Desktop/CS156/team02-s25-10/frontend/src/tests/utils/recommendationRequestUtils.test.js",
  "/Users/mihirkondapalli/Desktop/CS156/team02-s25-10/frontend/src/tests/utils/systemInfo.test.js",
  "/Users/mihirkondapalli/Desktop/CS156/team02-s25-10/frontend/src/tests/utils/useBackend.test.js",
  "/Users/mihirkondapalli/Desktop/CS156/team02-s25-10/frontend/stryker.config.json"
]
05:32:05 (20970) DEBUG ProjectReader Files to mutate: [
  "/Users/mihirkondapalli/Desktop/CS156/team02-s25-10/frontend/src/main/components/Nav/AppNavbar.js",
  "/Users/mihirkondapalli/Desktop/CS156/team02-s25-10/frontend/src/main/components/Nav/AppNavbarLocalhost.js",
  "/Users/mihirkondapalli/Desktop/CS156/team02-s25-10/frontend/src/main/components/Nav/Footer.js",
  "/Users/mihirkondapalli/Desktop/CS156/team02-s25-10/frontend/src/main/components/OurTable.js",
  "/Users/mihirkondapalli/Desktop/CS156/team02-s25-10/frontend/src/main/components/Profile/RoleBadge.js",
  "/Users/mihirkondapalli/Desktop/CS156/team02-s25-10/frontend/src/main/components/RecommendationRequests/RecommendationForm.js",
  "/Users/mihirkondapalli/Desktop/CS156/team02-s25-10/frontend/src/main/components/RecommendationRequests/RecommendationTable.js",
  "/Users/mihirkondapalli/Desktop/CS156/team02-s25-10/frontend/src/main/components/Restaurants/RestaurantForm.js",
  "/Users/mihirkondapalli/Desktop/CS156/team02-s25-10/frontend/src/main/components/Restaurants/RestaurantTable.js",
  "/Users/mihirkondapalli/Desktop/CS156/team02-s25-10/frontend/src/main/components/UCSBDates/UCSBDateForm.js",
  "/Users/mihirkondapalli/Desktop/CS156/team02-s25-10/frontend/src/main/components/UCSBDates/UCSBDatesTable.js",
  "/Users/mihirkondapalli/Desktop/CS156/team02-s25-10/frontend/src/main/components/Users/UsersTable.js",
  "/Users/mihirkondapalli/Desktop/CS156/team02-s25-10/frontend/src/main/layouts/BasicLayout/BasicLayout.js",
  "/Users/mihirkondapalli/Desktop/CS156/team02-s25-10/frontend/src/main/pages/AdminUsersPage.js",
  "/Users/mihirkondapalli/Desktop/CS156/team02-s25-10/frontend/src/main/pages/HomePage.js",
  "/Users/mihirkondapalli/Desktop/CS156/team02-s25-10/frontend/src/main/pages/ProfilePage.js",
  "/Users/mihirkondapalli/Desktop/CS156/team02-s25-10/frontend/src/main/pages/RecommendationRequests/RecommendationRequestCreatePage.js",
  "/Users/mihirkondapalli/Desktop/CS156/team02-s25-10/frontend/src/main/pages/RecommendationRequests/RecommendationRequestEditPage.js",
  "/Users/mihirkondapalli/Desktop/CS156/team02-s25-10/frontend/src/main/pages/RecommendationRequests/RecommendationRequestIndexPage.js",
  "/Users/mihirkondapalli/Desktop/CS156/team02-s25-10/frontend/src/main/pages/Restaurants/RestaurantCreatePage.js",
  "/Users/mihirkondapalli/Desktop/CS156/team02-s25-10/frontend/src/main/pages/Restaurants/RestaurantEditPage.js",
  "/Users/mihirkondapalli/Desktop/CS156/team02-s25-10/frontend/src/main/pages/Restaurants/RestaurantIndexPage.js",
  "/Users/mihirkondapalli/Desktop/CS156/team02-s25-10/frontend/src/main/pages/UCSBDates/UCSBDatesCreatePage.js",
  "/Users/mihirkondapalli/Desktop/CS156/team02-s25-10/frontend/src/main/pages/UCSBDates/UCSBDatesEditPage.js",
  "/Users/mihirkondapalli/Desktop/CS156/team02-s25-10/frontend/src/main/pages/UCSBDates/UCSBDatesIndexPage.js",
  "/Users/mihirkondapalli/Desktop/CS156/team02-s25-10/frontend/src/main/utils/UCSBDateUtils.js",
  "/Users/mihirkondapalli/Desktop/CS156/team02-s25-10/frontend/src/main/utils/currentUser.js",
  "/Users/mihirkondapalli/Desktop/CS156/team02-s25-10/frontend/src/main/utils/recommendationRequestUtils.js",
  "/Users/mihirkondapalli/Desktop/CS156/team02-s25-10/frontend/src/main/utils/restaurantUtils.js",
  "/Users/mihirkondapalli/Desktop/CS156/team02-s25-10/frontend/src/main/utils/systemInfo.js",
  "/Users/mihirkondapalli/Desktop/CS156/team02-s25-10/frontend/src/main/utils/useBackend.js"
]
05:32:05 (20970) DEBUG TemporaryDirectory Using temp directory "/Users/mihirkondapalli/Desktop/CS156/team02-s25-10/frontend/.stryker-tmp"
05:32:05 (20970) DEBUG Instrumenter Instrumenting 31 source files with mutants
05:32:05 (20970) DEBUG Instrumenter Instrumented src/main/components/Nav/AppNavbar.js (33 mutant(s))
05:32:05 (20970) DEBUG Instrumenter Instrumented src/main/components/Nav/AppNavbarLocalhost.js (3 mutant(s))
05:32:05 (20970) DEBUG Instrumenter Instrumented src/main/components/Nav/Footer.js (2 mutant(s))
05:32:05 (20970) DEBUG Instrumenter Instrumented src/main/components/OurTable.js (24 mutant(s))
05:32:05 (20970) DEBUG Instrumenter Instrumented src/main/components/Profile/RoleBadge.js (7 mutant(s))
05:32:05 (20970) DEBUG Instrumenter Instrumented src/main/components/RecommendationRequests/RecommendationForm.js (45 mutant(s))
05:32:05 (20970) DEBUG Instrumenter Instrumented src/main/components/RecommendationRequests/RecommendationTable.js (41 mutant(s))
05:32:05 (20970) DEBUG Instrumenter Instrumented src/main/components/Restaurants/RestaurantForm.js (28 mutant(s))
05:32:05 (20970) DEBUG Instrumenter Instrumented src/main/components/Restaurants/RestaurantTable.js (26 mutant(s))
05:32:05 (20970) DEBUG Instrumenter Instrumented src/main/components/UCSBDates/UCSBDateForm.js (77 mutant(s))
05:32:05 (20970) DEBUG Instrumenter Instrumented src/main/components/UCSBDates/UCSBDatesTable.js (31 mutant(s))
05:32:05 (20970) DEBUG Instrumenter Instrumented src/main/components/Users/UsersTable.js (19 mutant(s))
05:32:05 (20970) DEBUG Instrumenter Instrumented src/main/layouts/BasicLayout/BasicLayout.js (1 mutant(s))
05:32:05 (20970) DEBUG Instrumenter Instrumented src/main/pages/AdminUsersPage.js (7 mutant(s))
05:32:05 (20970) DEBUG Instrumenter Instrumented src/main/pages/HomePage.js (1 mutant(s))
05:32:05 (20970) DEBUG Instrumenter Instrumented src/main/pages/ProfilePage.js (8 mutant(s))
05:32:05 (20970) DEBUG Instrumenter Instrumented src/main/pages/RecommendationRequests/RecommendationRequestCreatePage.js (18 mutant(s))
05:32:05 (20970) DEBUG Instrumenter Instrumented src/main/pages/RecommendationRequests/RecommendationRequestEditPage.js (29 mutant(s))
05:32:05 (20970) DEBUG Instrumenter Instrumented src/main/pages/RecommendationRequests/RecommendationRequestIndexPage.js (14 mutant(s))
05:32:05 (20970) DEBUG Instrumenter Instrumented src/main/pages/Restaurants/RestaurantCreatePage.js (18 mutant(s))
05:32:05 (20970) DEBUG Instrumenter Instrumented src/main/pages/Restaurants/RestaurantEditPage.js (29 mutant(s))
05:32:05 (20970) DEBUG Instrumenter Instrumented src/main/pages/Restaurants/RestaurantIndexPage.js (14 mutant(s))
05:32:05 (20970) DEBUG Instrumenter Instrumented src/main/pages/UCSBDates/UCSBDatesCreatePage.js (18 mutant(s))
05:32:05 (20970) DEBUG Instrumenter Instrumented src/main/pages/UCSBDates/UCSBDatesEditPage.js (28 mutant(s))
05:32:05 (20970) DEBUG Instrumenter Instrumented src/main/pages/UCSBDates/UCSBDatesIndexPage.js (14 mutant(s))
05:32:05 (20970) DEBUG Instrumenter Instrumented src/main/utils/UCSBDateUtils.js (6 mutant(s))
05:32:05 (20970) DEBUG Instrumenter Instrumented src/main/utils/currentUser.js (39 mutant(s))
05:32:05 (20970) DEBUG Instrumenter Instrumented src/main/utils/recommendationRequestUtils.js (6 mutant(s))
05:32:05 (20970) DEBUG Instrumenter Instrumented src/main/utils/restaurantUtils.js (6 mutant(s))
05:32:05 (20970) DEBUG Instrumenter Instrumented src/main/utils/systemInfo.js (12 mutant(s))
05:32:05 (20970) DEBUG Instrumenter Instrumented src/main/utils/useBackend.js (22 mutant(s))
05:32:05 (20970) INFO Instrumenter Instrumented 31 source file(s) with 626 mutant(s)
05:32:05 (20970) INFO ConcurrencyTokenProvider Creating 7 test runner process(es).
05:32:05 (20970) DEBUG ChildProcessProxy Started CheckerWorker in worker process 0 with pid 20973 
05:32:06 (20973) DEBUG PluginLoader Loading plugin @stryker-mutator/jest-runner
05:32:06 (20973) DEBUG PluginLoader Loading plugin file:///Users/mihirkondapalli/Desktop/CS156/team02-s25-10/frontend/node_modules/@stryker-mutator/core/dist/src/reporters/index.js
05:32:06 (20970) DEBUG Sandbox Creating a sandbox for files in /Users/mihirkondapalli/Desktop/CS156/team02-s25-10/frontend/.stryker-tmp/sandbox1815899
05:32:06 (20970) DEBUG Sandbox Start symlink node_modules
05:32:06 (20970) DEBUG Sandbox Create symlink from /Users/mihirkondapalli/Desktop/CS156/team02-s25-10/frontend/node_modules to /Users/mihirkondapalli/Desktop/CS156/team02-s25-10/frontend/.stryker-tmp/sandbox1815899/node_modules
05:32:06 (20970) DEBUG BroadcastReporter Broadcasting to reporters ["progress","clear-text","html"]
05:32:06 (20970) DEBUG ChildProcessProxy Started ChildProcessTestRunnerWorker in worker process 0 with pid 20978 
05:32:06 (20970) DEBUG ChildProcessProxy Started ChildProcessTestRunnerWorker in worker process 1 with pid 20979 
05:32:06 (20979) DEBUG PluginLoader Loading plugin @stryker-mutator/jest-runner
05:32:06 (20979) DEBUG PluginLoader Loading plugin file:///Users/mihirkondapalli/Desktop/CS156/team02-s25-10/frontend/node_modules/@stryker-mutator/core/dist/src/reporters/index.js
05:32:06 (20978) DEBUG PluginLoader Loading plugin @stryker-mutator/jest-runner
05:32:06 (20978) DEBUG PluginLoader Loading plugin file:///Users/mihirkondapalli/Desktop/CS156/team02-s25-10/frontend/node_modules/@stryker-mutator/core/dist/src/reporters/index.js
05:32:06 (20979) DEBUG ChildProcessProxyWorker Changing current working directory for this process to /Users/mihirkondapalli/Desktop/CS156/team02-s25-10/frontend/.stryker-tmp/sandbox1815899
05:32:06 (20978) DEBUG ChildProcessProxyWorker Changing current working directory for this process to /Users/mihirkondapalli/Desktop/CS156/team02-s25-10/frontend/.stryker-tmp/sandbox1815899
05:32:06 (20979) DEBUG jestTestAdapterFactory Detected Jest version 27.5.1
05:32:06 (20978) DEBUG jestTestAdapterFactory Detected Jest version 27.5.1
05:32:06 (20978) DEBUG JestTestRunner Running jest with --findRelatedTests flag. Set jest.enableFindRelatedTests to false to run all tests on every mutant.
05:32:06 (20979) DEBUG JestTestRunner Running jest with --findRelatedTests flag. Set jest.enableFindRelatedTests to false to run all tests on every mutant.
05:32:06 (20970) INFO DryRunExecutor Starting initial test run (jest test runner with "off" coverage analysis). This may take a while.
05:32:06 (20970) DEBUG DryRunExecutor Using timeout of 300000 ms.
05:32:06 (20970) DEBUG TimeoutDecorator Starting timeout timer (300000 ms) for a test run
05:32:06 (20970) DEBUG ChildProcessProxy Started ChildProcessTestRunnerWorker in worker process 2 with pid 20980 
05:32:06 (20979) DEBUG JestTestRunner Merging file-based config {
  "roots": [
    "<rootDir>/src"
  ],
  "collectCoverageFrom": [
    "src/main/**/*.{js,jsx,ts,tsx}"
  ],
  "setupFiles": [
    "/Users/mihirkondapalli/Desktop/CS156/team02-s25-10/frontend/node_modules/react-app-polyfill/jsdom.js"
  ],
  "setupFilesAfterEnv": [
    "<rootDir>/src/setupTests.js"
  ],
  "testMatch": [
    "<rootDir>/src/**/__tests__/**/*.{js,jsx,ts,tsx}",
    "<rootDir>/src/**/*.{spec,test}.{js,jsx,ts,tsx}"
  ],
  "testEnvironment": "jsdom",
  "transform": {
    "^.+\\.(js|jsx|mjs|cjs|ts|tsx)$": "/Users/mihirkondapalli/Desktop/CS156/team02-s25-10/frontend/node_modules/react-scripts/config/jest/babelTransform.js",
    "^.+\\.css$": "/Users/mihirkondapalli/Desktop/CS156/team02-s25-10/frontend/node_modules/react-scripts/config/jest/cssTransform.js",
    "^(?!.*\\.(js|jsx|mjs|cjs|ts|tsx|css|json)$)": "/Users/mihirkondapalli/Desktop/CS156/team02-s25-10/frontend/node_modules/react-scripts/config/jest/fileTransform.js"
  },
  "transformIgnorePatterns": [
    "[/\\\\]node_modules[/\\\\].+\\.(js|jsx|mjs|cjs|ts|tsx)$",
    "^.+\\.module\\.(css|sass|scss)$"
  ],
  "modulePaths": [
    "/Users/mihirkondapalli/Desktop/CS156/team02-s25-10/frontend/.stryker-tmp/sandbox1815899/src"
  ],
  "moduleNameMapper": {
    "^react-native$": "react-native-web",
    "^.+\\.module\\.(css|sass|scss)$": "identity-obj-proxy",
    "^axios$": "axios/dist/node/axios.cjs"
  },
  "moduleFileExtensions": [
    "web.js",
    "js",
    "web.ts",
    "ts",
    "web.tsx",
    "tsx",
    "json",
    "web.jsx",
    "jsx",
    "node"
  ],
  "watchPlugins": [
    "/Users/mihirkondapalli/Desktop/CS156/team02-s25-10/frontend/node_modules/jest-watch-typeahead/build/file_name_plugin/plugin.js",
    "/Users/mihirkondapalli/Desktop/CS156/team02-s25-10/frontend/node_modules/jest-watch-typeahead/build/test_name_plugin/plugin.js"
  ],
  "resetMocks": true,
  "rootDir": "/Users/mihirkondapalli/Desktop/CS156/team02-s25-10/frontend/.stryker-tmp/sandbox1815899"
}
      with custom config {}
      and default (internal) stryker config {
  "collectCoverage": false,
  "verbose": false,
  "notify": false,
  "bail": false,
  "reporters": []
}
05:32:06 (20978) DEBUG JestTestRunner Merging file-based config {
  "roots": [
    "<rootDir>/src"
  ],
  "collectCoverageFrom": [
    "src/main/**/*.{js,jsx,ts,tsx}"
  ],
  "setupFiles": [
    "/Users/mihirkondapalli/Desktop/CS156/team02-s25-10/frontend/node_modules/react-app-polyfill/jsdom.js"
  ],
  "setupFilesAfterEnv": [
    "<rootDir>/src/setupTests.js"
  ],
  "testMatch": [
    "<rootDir>/src/**/__tests__/**/*.{js,jsx,ts,tsx}",
    "<rootDir>/src/**/*.{spec,test}.{js,jsx,ts,tsx}"
  ],
  "testEnvironment": "jsdom",
  "transform": {
    "^.+\\.(js|jsx|mjs|cjs|ts|tsx)$": "/Users/mihirkondapalli/Desktop/CS156/team02-s25-10/frontend/node_modules/react-scripts/config/jest/babelTransform.js",
    "^.+\\.css$": "/Users/mihirkondapalli/Desktop/CS156/team02-s25-10/frontend/node_modules/react-scripts/config/jest/cssTransform.js",
    "^(?!.*\\.(js|jsx|mjs|cjs|ts|tsx|css|json)$)": "/Users/mihirkondapalli/Desktop/CS156/team02-s25-10/frontend/node_modules/react-scripts/config/jest/fileTransform.js"
  },
  "transformIgnorePatterns": [
    "[/\\\\]node_modules[/\\\\].+\\.(js|jsx|mjs|cjs|ts|tsx)$",
    "^.+\\.module\\.(css|sass|scss)$"
  ],
  "modulePaths": [
    "/Users/mihirkondapalli/Desktop/CS156/team02-s25-10/frontend/.stryker-tmp/sandbox1815899/src"
  ],
  "moduleNameMapper": {
    "^react-native$": "react-native-web",
    "^.+\\.module\\.(css|sass|scss)$": "identity-obj-proxy",
    "^axios$": "axios/dist/node/axios.cjs"
  },
  "moduleFileExtensions": [
    "web.js",
    "js",
    "web.ts",
    "ts",
    "web.tsx",
    "tsx",
    "json",
    "web.jsx",
    "jsx",
    "node"
  ],
  "watchPlugins": [
    "/Users/mihirkondapalli/Desktop/CS156/team02-s25-10/frontend/node_modules/jest-watch-typeahead/build/file_name_plugin/plugin.js",
    "/Users/mihirkondapalli/Desktop/CS156/team02-s25-10/frontend/node_modules/jest-watch-typeahead/build/test_name_plugin/plugin.js"
  ],
  "resetMocks": true,
  "rootDir": "/Users/mihirkondapalli/Desktop/CS156/team02-s25-10/frontend/.stryker-tmp/sandbox1815899"
}
      with custom config {}
      and default (internal) stryker config {
  "collectCoverage": false,
  "verbose": false,
  "notify": false,
  "bail": false,
  "reporters": []
}
05:32:06 (20970) DEBUG ChildProcessProxy Started ChildProcessTestRunnerWorker in worker process 3 with pid 20981 
05:32:06 (20978) TRACE JestTestRunner Invoking Jest with config {"fileNamesUnderTest":["/Users/mihirkondapalli/Desktop/CS156/team02-s25-10/frontend/.stryker-tmp/sandbox1815899/src/main/components/Nav/AppNavbar.js","/Users/mihirkondapalli/Desktop/CS156/team02-s25-10/frontend/.stryker-tmp/sandbox1815899/src/main/components/Nav/AppNavbarLocalhost.js","/Users/mihirkondapalli/Desktop/CS156/team02-s25-10/frontend/.stryker-tmp/sandbox1815899/src/main/components/Nav/Footer.js","/Users/mihirkondapalli/Desktop/CS156/team02-s25-10/frontend/.stryker-tmp/sandbox1815899/src/main/components/OurTable.js","/Users/mihirkondapalli/Desktop/CS156/team02-s25-10/frontend/.stryker-tmp/sandbox1815899/src/main/components/Profile/RoleBadge.js","/Users/mihirkondapalli/Desktop/CS156/team02-s25-10/frontend/.stryker-tmp/sandbox1815899/src/main/components/RecommendationRequests/RecommendationForm.js","/Users/mihirkondapalli/Desktop/CS156/team02-s25-10/frontend/.stryker-tmp/sandbox1815899/src/main/components/RecommendationRequests/RecommendationTable.js","/Users/mihirkondapalli/Desktop/CS156/team02-s25-10/frontend/.stryker-tmp/sandbox1815899/src/main/components/Restaurants/RestaurantForm.js","/Users/mihirkondapalli/Desktop/CS156/team02-s25-10/frontend/.stryker-tmp/sandbox1815899/src/main/components/Restaurants/RestaurantTable.js","/Users/mihirkondapalli/Desktop/CS156/team02-s25-10/frontend/.stryker-tmp/sandbox1815899/src/main/components/UCSBDates/UCSBDateForm.js","/Users/mihirkondapalli/Desktop/CS156/team02-s25-10/frontend/.stryker-tmp/sandbox1815899/src/main/components/UCSBDates/UCSBDatesTable.js","/Users/mihirkondapalli/Desktop/CS156/team02-s25-10/frontend/.stryker-tmp/sandbox1815899/src/main/components/Users/UsersTable.js","/Users/mihirkondapalli/Desktop/CS156/team02-s25-10/frontend/.stryker-tmp/sandbox1815899/src/main/layouts/BasicLayout/BasicLayout.js","/Users/mihirkondapalli/Desktop/CS156/team02-s25-10/frontend/.stryker-tmp/sandbox1815899/src/main/pages/AdminUsersPage.js","/Users/mihirkondapalli/Desktop/CS156/team02-s25-10/frontend/.stryker-tmp/sandbox1815899/src/main/pages/HomePage.js","/Users/mihirkondapalli/Desktop/CS156/team02-s25-10/frontend/.stryker-tmp/sandbox1815899/src/main/pages/ProfilePage.js","/Users/mihirkondapalli/Desktop/CS156/team02-s25-10/frontend/.stryker-tmp/sandbox1815899/src/main/pages/RecommendationRequests/RecommendationRequestCreatePage.js","/Users/mihirkondapalli/Desktop/CS156/team02-s25-10/frontend/.stryker-tmp/sandbox1815899/src/main/pages/RecommendationRequests/RecommendationRequestEditPage.js","/Users/mihirkondapalli/Desktop/CS156/team02-s25-10/frontend/.stryker-tmp/sandbox1815899/src/main/pages/RecommendationRequests/RecommendationRequestIndexPage.js","/Users/mihirkondapalli/Desktop/CS156/team02-s25-10/frontend/.stryker-tmp/sandbox1815899/src/main/pages/Restaurants/RestaurantCreatePage.js","/Users/mihirkondapalli/Desktop/CS156/team02-s25-10/frontend/.stryker-tmp/sandbox1815899/src/main/pages/Restaurants/RestaurantEditPage.js","/Users/mihirkondapalli/Desktop/CS156/team02-s25-10/frontend/.stryker-tmp/sandbox1815899/src/main/pages/Restaurants/RestaurantIndexPage.js","/Users/mihirkondapalli/Desktop/CS156/team02-s25-10/frontend/.stryker-tmp/sandbox1815899/src/main/pages/UCSBDates/UCSBDatesCreatePage.js","/Users/mihirkondapalli/Desktop/CS156/team02-s25-10/frontend/.stryker-tmp/sandbox1815899/src/main/pages/UCSBDates/UCSBDatesEditPage.js","/Users/mihirkondapalli/Desktop/CS156/team02-s25-10/frontend/.stryker-tmp/sandbox1815899/src/main/pages/UCSBDates/UCSBDatesIndexPage.js","/Users/mihirkondapalli/Desktop/CS156/team02-s25-10/frontend/.stryker-tmp/sandbox1815899/src/main/utils/UCSBDateUtils.js","/Users/mihirkondapalli/Desktop/CS156/team02-s25-10/frontend/.stryker-tmp/sandbox1815899/src/main/utils/currentUser.js","/Users/mihirkondapalli/Desktop/CS156/team02-s25-10/frontend/.stryker-tmp/sandbox1815899/src/main/utils/recommendationRequestUtils.js","/Users/mihirkondapalli/Desktop/CS156/team02-s25-10/frontend/.stryker-tmp/sandbox1815899/src/main/utils/restaurantUtils.js","/Users/mihirkondapalli/Desktop/CS156/team02-s25-10/frontend/.stryker-tmp/sandbox1815899/src/main/utils/systemInfo.js","/Users/mihirkondapalli/Desktop/CS156/team02-s25-10/frontend/.stryker-tmp/sandbox1815899/src/main/utils/useBackend.js"],"jestConfig":{"roots":["<rootDir>/src","/Users/mihirkondapalli/Desktop/CS156/team02-s25-10/frontend/.stryker-tmp/sandbox1815899/src/main/components/Nav","/Users/mihirkondapalli/Desktop/CS156/team02-s25-10/frontend/.stryker-tmp/sandbox1815899/src/main/components","/Users/mihirkondapalli/Desktop/CS156/team02-s25-10/frontend/.stryker-tmp/sandbox1815899/src/main/components/Profile","/Users/mihirkondapalli/Desktop/CS156/team02-s25-10/frontend/.stryker-tmp/sandbox1815899/src/main/components/RecommendationRequests","/Users/mihirkondapalli/Desktop/CS156/team02-s25-10/frontend/.stryker-tmp/sandbox1815899/src/main/components/Restaurants","/Users/mihirkondapalli/Desktop/CS156/team02-s25-10/frontend/.stryker-tmp/sandbox1815899/src/main/components/UCSBDates","/Users/mihirkondapalli/Desktop/CS156/team02-s25-10/frontend/.stryker-tmp/sandbox1815899/src/main/components/Users","/Users/mihirkondapalli/Desktop/CS156/team02-s25-10/frontend/.stryker-tmp/sandbox1815899/src/main/layouts/BasicLayout","/Users/mihirkondapalli/Desktop/CS156/team02-s25-10/frontend/.stryker-tmp/sandbox1815899/src/main/pages","/Users/mihirkondapalli/Desktop/CS156/team02-s25-10/frontend/.stryker-tmp/sandbox1815899/src/main/pages/RecommendationRequests","/Users/mihirkondapalli/Desktop/CS156/team02-s25-10/frontend/.stryker-tmp/sandbox1815899/src/main/pages/Restaurants","/Users/mihirkondapalli/Desktop/CS156/team02-s25-10/frontend/.stryker-tmp/sandbox1815899/src/main/pages/UCSBDates","/Users/mihirkondapalli/Desktop/CS156/team02-s25-10/frontend/.stryker-tmp/sandbox1815899/src/main/utils"],"collectCoverageFrom":["src/main/**/*.{js,jsx,ts,tsx}"],"setupFiles":["/Users/mihirkondapalli/Desktop/CS156/team02-s25-10/frontend/node_modules/react-app-polyfill/jsdom.js"],"setupFilesAfterEnv":["<rootDir>/src/setupTests.js"],"testMatch":["<rootDir>/src/**/__tests__/**/*.{js,jsx,ts,tsx}","<rootDir>/src/**/*.{spec,test}.{js,jsx,ts,tsx}"],"testEnvironment":"jsdom","transform":{"^.+\\.(js|jsx|mjs|cjs|ts|tsx)$":"/Users/mihirkondapalli/Desktop/CS156/team02-s25-10/frontend/node_modules/react-scripts/config/jest/babelTransform.js","^.+\\.css$":"/Users/mihirkondapalli/Desktop/CS156/team02-s25-10/frontend/node_modules/react-scripts/config/jest/cssTransform.js","^(?!.*\\.(js|jsx|mjs|cjs|ts|tsx|css|json)$)":"/Users/mihirkondapalli/Desktop/CS156/team02-s25-10/frontend/node_modules/react-scripts/config/jest/fileTransform.js"},"transformIgnorePatterns":["[/\\\\]node_modules[/\\\\].+\\.(js|jsx|mjs|cjs|ts|tsx)$","^.+\\.module\\.(css|sass|scss)$"],"modulePaths":["/Users/mihirkondapalli/Desktop/CS156/team02-s25-10/frontend/.stryker-tmp/sandbox1815899/src"],"moduleNameMapper":{"^react-native$":"react-native-web","^.+\\.module\\.(css|sass|scss)$":"identity-obj-proxy","^axios$":"axios/dist/node/axios.cjs"},"moduleFileExtensions":["web.js","js","web.ts","ts","web.tsx","tsx","json","web.jsx","jsx","node"],"watchPlugins":["/Users/mihirkondapalli/Desktop/CS156/team02-s25-10/frontend/node_modules/jest-watch-typeahead/build/file_name_plugin/plugin.js","/Users/mihirkondapalli/Desktop/CS156/team02-s25-10/frontend/node_modules/jest-watch-typeahead/build/test_name_plugin/plugin.js"],"resetMocks":true,"rootDir":"/Users/mihirkondapalli/Desktop/CS156/team02-s25-10/frontend/.stryker-tmp/sandbox1815899","collectCoverage":false,"verbose":false,"notify":false,"bail":false,"reporters":[],"globals":{"__strykerGlobalNamespace__":"__stryker__"}},"testLocationInResults":true}
05:32:06 (20980) DEBUG PluginLoader Loading plugin @stryker-mutator/jest-runner
05:32:06 (20981) DEBUG PluginLoader Loading plugin @stryker-mutator/jest-runner
05:32:06 (20981) DEBUG PluginLoader Loading plugin file:///Users/mihirkondapalli/Desktop/CS156/team02-s25-10/frontend/node_modules/@stryker-mutator/core/dist/src/reporters/index.js
05:32:06 (20980) DEBUG PluginLoader Loading plugin file:///Users/mihirkondapalli/Desktop/CS156/team02-s25-10/frontend/node_modules/@stryker-mutator/core/dist/src/reporters/index.js
05:32:07 (20981) DEBUG ChildProcessProxyWorker Changing current working directory for this process to /Users/mihirkondapalli/Desktop/CS156/team02-s25-10/frontend/.stryker-tmp/sandbox1815899
05:32:07 (20980) DEBUG ChildProcessProxyWorker Changing current working directory for this process to /Users/mihirkondapalli/Desktop/CS156/team02-s25-10/frontend/.stryker-tmp/sandbox1815899
05:32:07 (20981) DEBUG jestTestAdapterFactory Detected Jest version 27.5.1
05:32:07 (20980) DEBUG jestTestAdapterFactory Detected Jest version 27.5.1
05:32:07 (20981) DEBUG JestTestRunner Running jest with --findRelatedTests flag. Set jest.enableFindRelatedTests to false to run all tests on every mutant.
05:32:07 (20980) DEBUG JestTestRunner Running jest with --findRelatedTests flag. Set jest.enableFindRelatedTests to false to run all tests on every mutant.
05:32:07 (20970) DEBUG ChildProcessProxy Started ChildProcessTestRunnerWorker in worker process 4 with pid 21031 
05:32:07 (20980) DEBUG JestTestRunner Merging file-based config {
  "roots": [
    "<rootDir>/src"
  ],
  "collectCoverageFrom": [
    "src/main/**/*.{js,jsx,ts,tsx}"
  ],
  "setupFiles": [
    "/Users/mihirkondapalli/Desktop/CS156/team02-s25-10/frontend/node_modules/react-app-polyfill/jsdom.js"
  ],
  "setupFilesAfterEnv": [
    "<rootDir>/src/setupTests.js"
  ],
  "testMatch": [
    "<rootDir>/src/**/__tests__/**/*.{js,jsx,ts,tsx}",
    "<rootDir>/src/**/*.{spec,test}.{js,jsx,ts,tsx}"
  ],
  "testEnvironment": "jsdom",
  "transform": {
    "^.+\\.(js|jsx|mjs|cjs|ts|tsx)$": "/Users/mihirkondapalli/Desktop/CS156/team02-s25-10/frontend/node_modules/react-scripts/config/jest/babelTransform.js",
    "^.+\\.css$": "/Users/mihirkondapalli/Desktop/CS156/team02-s25-10/frontend/node_modules/react-scripts/config/jest/cssTransform.js",
    "^(?!.*\\.(js|jsx|mjs|cjs|ts|tsx|css|json)$)": "/Users/mihirkondapalli/Desktop/CS156/team02-s25-10/frontend/node_modules/react-scripts/config/jest/fileTransform.js"
  },
  "transformIgnorePatterns": [
    "[/\\\\]node_modules[/\\\\].+\\.(js|jsx|mjs|cjs|ts|tsx)$",
    "^.+\\.module\\.(css|sass|scss)$"
  ],
  "modulePaths": [
    "/Users/mihirkondapalli/Desktop/CS156/team02-s25-10/frontend/.stryker-tmp/sandbox1815899/src"
  ],
  "moduleNameMapper": {
    "^react-native$": "react-native-web",
    "^.+\\.module\\.(css|sass|scss)$": "identity-obj-proxy",
    "^axios$": "axios/dist/node/axios.cjs"
  },
  "moduleFileExtensions": [
    "web.js",
    "js",
    "web.ts",
    "ts",
    "web.tsx",
    "tsx",
    "json",
    "web.jsx",
    "jsx",
    "node"
  ],
  "watchPlugins": [
    "/Users/mihirkondapalli/Desktop/CS156/team02-s25-10/frontend/node_modules/jest-watch-typeahead/build/file_name_plugin/plugin.js",
    "/Users/mihirkondapalli/Desktop/CS156/team02-s25-10/frontend/node_modules/jest-watch-typeahead/build/test_name_plugin/plugin.js"
  ],
  "resetMocks": true,
  "rootDir": "/Users/mihirkondapalli/Desktop/CS156/team02-s25-10/frontend/.stryker-tmp/sandbox1815899"
}
      with custom config {}
      and default (internal) stryker config {
  "collectCoverage": false,
  "verbose": false,
  "notify": false,
  "bail": false,
  "reporters": []
}
05:32:07 (20981) DEBUG JestTestRunner Merging file-based config {
  "roots": [
    "<rootDir>/src"
  ],
  "collectCoverageFrom": [
    "src/main/**/*.{js,jsx,ts,tsx}"
  ],
  "setupFiles": [
    "/Users/mihirkondapalli/Desktop/CS156/team02-s25-10/frontend/node_modules/react-app-polyfill/jsdom.js"
  ],
  "setupFilesAfterEnv": [
    "<rootDir>/src/setupTests.js"
  ],
  "testMatch": [
    "<rootDir>/src/**/__tests__/**/*.{js,jsx,ts,tsx}",
    "<rootDir>/src/**/*.{spec,test}.{js,jsx,ts,tsx}"
  ],
  "testEnvironment": "jsdom",
  "transform": {
    "^.+\\.(js|jsx|mjs|cjs|ts|tsx)$": "/Users/mihirkondapalli/Desktop/CS156/team02-s25-10/frontend/node_modules/react-scripts/config/jest/babelTransform.js",
    "^.+\\.css$": "/Users/mihirkondapalli/Desktop/CS156/team02-s25-10/frontend/node_modules/react-scripts/config/jest/cssTransform.js",
    "^(?!.*\\.(js|jsx|mjs|cjs|ts|tsx|css|json)$)": "/Users/mihirkondapalli/Desktop/CS156/team02-s25-10/frontend/node_modules/react-scripts/config/jest/fileTransform.js"
  },
  "transformIgnorePatterns": [
    "[/\\\\]node_modules[/\\\\].+\\.(js|jsx|mjs|cjs|ts|tsx)$",
    "^.+\\.module\\.(css|sass|scss)$"
  ],
  "modulePaths": [
    "/Users/mihirkondapalli/Desktop/CS156/team02-s25-10/frontend/.stryker-tmp/sandbox1815899/src"
  ],
  "moduleNameMapper": {
    "^react-native$": "react-native-web",
    "^.+\\.module\\.(css|sass|scss)$": "identity-obj-proxy",
    "^axios$": "axios/dist/node/axios.cjs"
  },
  "moduleFileExtensions": [
    "web.js",
    "js",
    "web.ts",
    "ts",
    "web.tsx",
    "tsx",
    "json",
    "web.jsx",
    "jsx",
    "node"
  ],
  "watchPlugins": [
    "/Users/mihirkondapalli/Desktop/CS156/team02-s25-10/frontend/node_modules/jest-watch-typeahead/build/file_name_plugin/plugin.js",
    "/Users/mihirkondapalli/Desktop/CS156/team02-s25-10/frontend/node_modules/jest-watch-typeahead/build/test_name_plugin/plugin.js"
  ],
  "resetMocks": true,
  "rootDir": "/Users/mihirkondapalli/Desktop/CS156/team02-s25-10/frontend/.stryker-tmp/sandbox1815899"
}
      with custom config {}
      and default (internal) stryker config {
  "collectCoverage": false,
  "verbose": false,
  "notify": false,
  "bail": false,
  "reporters": []
}
05:32:07 (20970) DEBUG ChildProcessProxy Started ChildProcessTestRunnerWorker in worker process 5 with pid 21032 
05:32:07 (21031) DEBUG PluginLoader Loading plugin @stryker-mutator/jest-runner
05:32:07 (21031) DEBUG PluginLoader Loading plugin file:///Users/mihirkondapalli/Desktop/CS156/team02-s25-10/frontend/node_modules/@stryker-mutator/core/dist/src/reporters/index.js
05:32:07 (21032) DEBUG PluginLoader Loading plugin @stryker-mutator/jest-runner
05:32:07 (21032) DEBUG PluginLoader Loading plugin file:///Users/mihirkondapalli/Desktop/CS156/team02-s25-10/frontend/node_modules/@stryker-mutator/core/dist/src/reporters/index.js
05:32:07 (21032) DEBUG ChildProcessProxyWorker Changing current working directory for this process to /Users/mihirkondapalli/Desktop/CS156/team02-s25-10/frontend/.stryker-tmp/sandbox1815899
05:32:07 (21031) DEBUG ChildProcessProxyWorker Changing current working directory for this process to /Users/mihirkondapalli/Desktop/CS156/team02-s25-10/frontend/.stryker-tmp/sandbox1815899
05:32:07 (21032) DEBUG jestTestAdapterFactory Detected Jest version 27.5.1
05:32:07 (21031) DEBUG jestTestAdapterFactory Detected Jest version 27.5.1
05:32:07 (21032) DEBUG JestTestRunner Running jest with --findRelatedTests flag. Set jest.enableFindRelatedTests to false to run all tests on every mutant.
05:32:07 (21031) DEBUG JestTestRunner Running jest with --findRelatedTests flag. Set jest.enableFindRelatedTests to false to run all tests on every mutant.
05:32:07 (21032) DEBUG JestTestRunner Merging file-based config {
  "roots": [
    "<rootDir>/src"
  ],
  "collectCoverageFrom": [
    "src/main/**/*.{js,jsx,ts,tsx}"
  ],
  "setupFiles": [
    "/Users/mihirkondapalli/Desktop/CS156/team02-s25-10/frontend/node_modules/react-app-polyfill/jsdom.js"
  ],
  "setupFilesAfterEnv": [
    "<rootDir>/src/setupTests.js"
  ],
  "testMatch": [
    "<rootDir>/src/**/__tests__/**/*.{js,jsx,ts,tsx}",
    "<rootDir>/src/**/*.{spec,test}.{js,jsx,ts,tsx}"
  ],
  "testEnvironment": "jsdom",
  "transform": {
    "^.+\\.(js|jsx|mjs|cjs|ts|tsx)$": "/Users/mihirkondapalli/Desktop/CS156/team02-s25-10/frontend/node_modules/react-scripts/config/jest/babelTransform.js",
    "^.+\\.css$": "/Users/mihirkondapalli/Desktop/CS156/team02-s25-10/frontend/node_modules/react-scripts/config/jest/cssTransform.js",
    "^(?!.*\\.(js|jsx|mjs|cjs|ts|tsx|css|json)$)": "/Users/mihirkondapalli/Desktop/CS156/team02-s25-10/frontend/node_modules/react-scripts/config/jest/fileTransform.js"
  },
  "transformIgnorePatterns": [
    "[/\\\\]node_modules[/\\\\].+\\.(js|jsx|mjs|cjs|ts|tsx)$",
    "^.+\\.module\\.(css|sass|scss)$"
  ],
  "modulePaths": [
    "/Users/mihirkondapalli/Desktop/CS156/team02-s25-10/frontend/.stryker-tmp/sandbox1815899/src"
  ],
  "moduleNameMapper": {
    "^react-native$": "react-native-web",
    "^.+\\.module\\.(css|sass|scss)$": "identity-obj-proxy",
    "^axios$": "axios/dist/node/axios.cjs"
  },
  "moduleFileExtensions": [
    "web.js",
    "js",
    "web.ts",
    "ts",
    "web.tsx",
    "tsx",
    "json",
    "web.jsx",
    "jsx",
    "node"
  ],
  "watchPlugins": [
    "/Users/mihirkondapalli/Desktop/CS156/team02-s25-10/frontend/node_modules/jest-watch-typeahead/build/file_name_plugin/plugin.js",
    "/Users/mihirkondapalli/Desktop/CS156/team02-s25-10/frontend/node_modules/jest-watch-typeahead/build/test_name_plugin/plugin.js"
  ],
  "resetMocks": true,
  "rootDir": "/Users/mihirkondapalli/Desktop/CS156/team02-s25-10/frontend/.stryker-tmp/sandbox1815899"
}
      with custom config {}
      and default (internal) stryker config {
  "collectCoverage": false,
  "verbose": false,
  "notify": false,
  "bail": false,
  "reporters": []
}
05:32:07 (20970) DEBUG ChildProcessProxy Started ChildProcessTestRunnerWorker in worker process 6 with pid 21033 
05:32:07 (21031) DEBUG JestTestRunner Merging file-based config {
  "roots": [
    "<rootDir>/src"
  ],
  "collectCoverageFrom": [
    "src/main/**/*.{js,jsx,ts,tsx}"
  ],
  "setupFiles": [
    "/Users/mihirkondapalli/Desktop/CS156/team02-s25-10/frontend/node_modules/react-app-polyfill/jsdom.js"
  ],
  "setupFilesAfterEnv": [
    "<rootDir>/src/setupTests.js"
  ],
  "testMatch": [
    "<rootDir>/src/**/__tests__/**/*.{js,jsx,ts,tsx}",
    "<rootDir>/src/**/*.{spec,test}.{js,jsx,ts,tsx}"
  ],
  "testEnvironment": "jsdom",
  "transform": {
    "^.+\\.(js|jsx|mjs|cjs|ts|tsx)$": "/Users/mihirkondapalli/Desktop/CS156/team02-s25-10/frontend/node_modules/react-scripts/config/jest/babelTransform.js",
    "^.+\\.css$": "/Users/mihirkondapalli/Desktop/CS156/team02-s25-10/frontend/node_modules/react-scripts/config/jest/cssTransform.js",
    "^(?!.*\\.(js|jsx|mjs|cjs|ts|tsx|css|json)$)": "/Users/mihirkondapalli/Desktop/CS156/team02-s25-10/frontend/node_modules/react-scripts/config/jest/fileTransform.js"
  },
  "transformIgnorePatterns": [
    "[/\\\\]node_modules[/\\\\].+\\.(js|jsx|mjs|cjs|ts|tsx)$",
    "^.+\\.module\\.(css|sass|scss)$"
  ],
  "modulePaths": [
    "/Users/mihirkondapalli/Desktop/CS156/team02-s25-10/frontend/.stryker-tmp/sandbox1815899/src"
  ],
  "moduleNameMapper": {
    "^react-native$": "react-native-web",
    "^.+\\.module\\.(css|sass|scss)$": "identity-obj-proxy",
    "^axios$": "axios/dist/node/axios.cjs"
  },
  "moduleFileExtensions": [
    "web.js",
    "js",
    "web.ts",
    "ts",
    "web.tsx",
    "tsx",
    "json",
    "web.jsx",
    "jsx",
    "node"
  ],
  "watchPlugins": [
    "/Users/mihirkondapalli/Desktop/CS156/team02-s25-10/frontend/node_modules/jest-watch-typeahead/build/file_name_plugin/plugin.js",
    "/Users/mihirkondapalli/Desktop/CS156/team02-s25-10/frontend/node_modules/jest-watch-typeahead/build/test_name_plugin/plugin.js"
  ],
  "resetMocks": true,
  "rootDir": "/Users/mihirkondapalli/Desktop/CS156/team02-s25-10/frontend/.stryker-tmp/sandbox1815899"
}
      with custom config {}
      and default (internal) stryker config {
  "collectCoverage": false,
  "verbose": false,
  "notify": false,
  "bail": false,
  "reporters": []
}
05:32:07 (21033) DEBUG PluginLoader Loading plugin @stryker-mutator/jest-runner
05:32:07 (21033) DEBUG PluginLoader Loading plugin file:///Users/mihirkondapalli/Desktop/CS156/team02-s25-10/frontend/node_modules/@stryker-mutator/core/dist/src/reporters/index.js
05:32:07 (21033) DEBUG ChildProcessProxyWorker Changing current working directory for this process to /Users/mihirkondapalli/Desktop/CS156/team02-s25-10/frontend/.stryker-tmp/sandbox1815899
05:32:07 (21033) DEBUG jestTestAdapterFactory Detected Jest version 27.5.1
05:32:07 (21033) DEBUG JestTestRunner Running jest with --findRelatedTests flag. Set jest.enableFindRelatedTests to false to run all tests on every mutant.
05:32:07 (21033) DEBUG JestTestRunner Merging file-based config {
  "roots": [
    "<rootDir>/src"
  ],
  "collectCoverageFrom": [
    "src/main/**/*.{js,jsx,ts,tsx}"
  ],
  "setupFiles": [
    "/Users/mihirkondapalli/Desktop/CS156/team02-s25-10/frontend/node_modules/react-app-polyfill/jsdom.js"
  ],
  "setupFilesAfterEnv": [
    "<rootDir>/src/setupTests.js"
  ],
  "testMatch": [
    "<rootDir>/src/**/__tests__/**/*.{js,jsx,ts,tsx}",
    "<rootDir>/src/**/*.{spec,test}.{js,jsx,ts,tsx}"
  ],
  "testEnvironment": "jsdom",
  "transform": {
    "^.+\\.(js|jsx|mjs|cjs|ts|tsx)$": "/Users/mihirkondapalli/Desktop/CS156/team02-s25-10/frontend/node_modules/react-scripts/config/jest/babelTransform.js",
    "^.+\\.css$": "/Users/mihirkondapalli/Desktop/CS156/team02-s25-10/frontend/node_modules/react-scripts/config/jest/cssTransform.js",
    "^(?!.*\\.(js|jsx|mjs|cjs|ts|tsx|css|json)$)": "/Users/mihirkondapalli/Desktop/CS156/team02-s25-10/frontend/node_modules/react-scripts/config/jest/fileTransform.js"
  },
  "transformIgnorePatterns": [
    "[/\\\\]node_modules[/\\\\].+\\.(js|jsx|mjs|cjs|ts|tsx)$",
    "^.+\\.module\\.(css|sass|scss)$"
  ],
  "modulePaths": [
    "/Users/mihirkondapalli/Desktop/CS156/team02-s25-10/frontend/.stryker-tmp/sandbox1815899/src"
  ],
  "moduleNameMapper": {
    "^react-native$": "react-native-web",
    "^.+\\.module\\.(css|sass|scss)$": "identity-obj-proxy",
    "^axios$": "axios/dist/node/axios.cjs"
  },
  "moduleFileExtensions": [
    "web.js",
    "js",
    "web.ts",
    "ts",
    "web.tsx",
    "tsx",
    "json",
    "web.jsx",
    "jsx",
    "node"
  ],
  "watchPlugins": [
    "/Users/mihirkondapalli/Desktop/CS156/team02-s25-10/frontend/node_modules/jest-watch-typeahead/build/file_name_plugin/plugin.js",
    "/Users/mihirkondapalli/Desktop/CS156/team02-s25-10/frontend/node_modules/jest-watch-typeahead/build/test_name_plugin/plugin.js"
  ],
  "resetMocks": true,
  "rootDir": "/Users/mihirkondapalli/Desktop/CS156/team02-s25-10/frontend/.stryker-tmp/sandbox1815899"
}
      with custom config {}
      and default (internal) stryker config {
  "collectCoverage": false,
  "verbose": false,
  "notify": false,
  "bail": false,
  "reporters": []
}
05:32:17 (20970) ERROR DryRunExecutor One or more tests failed in the initial test run:
	RecommendationRequestEditPage tests when the backend doesn't return data renders header but table is not present
		Error: Unable to find an element with the text: Edit. This could be because the text is broken up by multiple elements. In this case, you can provide a function for your text matcher to make your matcher more flexible.

Ignored nodes: comments, script, style
<body>
  <div>
    <div
      class="d-flex flex-column min-vh-100"
    >
      <nav
        class="navbar navbar-expand-xl navbar-dark bg-dark sticky-top"
        data-testid="AppNavbar"
      >
        <div
          class="container"
        >
          <a
            class="navbar-brand"
            href="/"
          >
            Example
          </a>
          <button
            aria-label="Toggle navigation"
            class="navbar-toggler collapsed"
            type="button"
          >
            <span
              class="navbar-toggler-icon"
            />
          </button>
          <div
            class="me-auto navbar-nav"
          />
          <div
            class="justify-content-between navbar-collapse collapse"
          >
            <div
              class="mr-auto navbar-nav"
            />
            <div
              class="ml-auto navbar-nav"
            >
              <a
                class="btn btn-primary"
                href="/oauth2/authorization/google"
                role="button"
                tabindex="0"
              >
                Log In
              </a>
            </div>
          </div>
        </div>
      </nav>
      <div
        class="pt-4 flex-grow-1 container"
        expand="xl"
      >
        <div
          class="pt-2"
        >
          <h1>
            Edit Recommendation Request
          </h1>
        </div>
      </div>
      <footer
        class="bg-light pt-3 pt-md-4 pb-4 pb-md-5"
        data-testid="Footer"
      >
        <div
          class="container"
        >
          <p>
            This is a sample webapp using React with a Spring Boot backend. See the source code on
             
            <a
              href="https://github.com/ucsb-cs156/spring-react-template"
            >
              Github.
            </a>
          </p>
        </div>
      </footer>
    </div>
  </div>
</body>
    at waitForWrapper (/Users/mihirkondapalli/Desktop/CS156/team02-s25-10/frontend/node_modules/@testing-library/dom/dist/wait-for.js:163:27)
    at findByText (/Users/mihirkondapalli/Desktop/CS156/team02-s25-10/frontend/node_modules/@testing-library/dom/dist/query-helpers.js:86:33)
    at Object.<anonymous> (/Users/mihirkondapalli/Desktop/CS156/team02-s25-10/frontend/.stryker-tmp/sandbox1815899/src/tests/pages/RecommendationRequests/RecommendationRequestEditPage.test.js:66:20)
    at Promise.then.completed (/Users/mihirkondapalli/Desktop/CS156/team02-s25-10/frontend/node_modules/jest-circus/build/utils.js:391:28)
    at new Promise (<anonymous>)
    at callAsyncCircusFn (/Users/mihirkondapalli/Desktop/CS156/team02-s25-10/frontend/node_modules/jest-circus/build/utils.js:316:10)
    at _callCircusTest (/Users/mihirkondapalli/Desktop/CS156/team02-s25-10/frontend/node_modules/jest-circus/build/run.js:218:40)
    at _runTest (/Users/mihirkondapalli/Desktop/CS156/team02-s25-10/frontend/node_modules/jest-circus/build/run.js:155:3)
    at _runTestsForDescribeBlock (/Users/mihirkondapalli/Desktop/CS156/team02-s25-10/frontend/node_modules/jest-circus/build/run.js:66:9)
    at _runTestsForDescribeBlock (/Users/mihirkondapalli/Desktop/CS156/team02-s25-10/frontend/node_modules/jest-circus/build/run.js:60:9)
    at _runTestsForDescribeBlock (/Users/mihirkondapalli/Desktop/CS156/team02-s25-10/frontend/node_modules/jest-circus/build/run.js:60:9)
    at run (/Users/mihirkondapalli/Desktop/CS156/team02-s25-10/frontend/node_modules/jest-circus/build/run.js:25:3)
    at runAndTransformResultsToJestFormat (/Users/mihirkondapalli/Desktop/CS156/team02-s25-10/frontend/node_modules/jest-circus/build/legacy-code-todo-rewrite/jestAdapterInit.js:170:21)
    at jestAdapter (/Users/mihirkondapalli/Desktop/CS156/team02-s25-10/frontend/node_modules/jest-circus/build/legacy-code-todo-rewrite/jestAdapter.js:82:19)
    at runTestInternal (/Users/mihirkondapalli/Desktop/CS156/team02-s25-10/frontend/node_modules/jest-runner/build/runTest.js:389:16)
    at runTest (/Users/mihirkondapalli/Desktop/CS156/team02-s25-10/frontend/node_modules/jest-runner/build/runTest.js:475:34)
	RecommendationRequestEditPage tests tests where backend is working normally Is populated with the data provided
		Error: Unable to find an element by: [data-testid="RecommendationRequest-id"]

Ignored nodes: comments, script, style
<body>
  <div>
    <div
      class="d-flex flex-column min-vh-100"
    >
      <nav
        class="navbar navbar-expand-xl navbar-dark bg-dark sticky-top"
        data-testid="AppNavbar"
      >
        <div
          class="container"
        >
          <a
            class="navbar-brand"
            href="/"
          >
            Example
          </a>
          <button
            aria-label="Toggle navigation"
            class="navbar-toggler collapsed"
            type="button"
          >
            <span
              class="navbar-toggler-icon"
            />
          </button>
          <div
            class="me-auto navbar-nav"
          />
          <div
            class="justify-content-between navbar-collapse collapse"
          >
            <div
              class="mr-auto navbar-nav"
            >
              <a
                class="nav-link"
                href="/restaurants"
              >
                Restaurants
              </a>
              <a
                class="nav-link"
                href="/ucsbdates"
              >
                UCSB Dates
              </a>
              <a
                class="nav-link"
                href="/recommendationrequests"
              >
                Recommendations
              </a>
            </div>
            <div
              class="ml-auto navbar-nav"
            >
              <a
                class="me-3 navbar-text"
                href="/profile"
              >
                Welcome, 
                pconrad.cis@gmail.com
              </a>
              <button
                class="btn btn-primary"
                type="button"
              >
                Log Out
              </button>
            </div>
          </div>
        </div>
      </nav>
      <div
        class="pt-4 flex-grow-1 container"
        expand="xl"
      >
        <div
          class="pt-2"
        >
          <h1>
            Edit Recommendation Request
          </h1>
          <form
            class=""
          >
            <div
              class="mb-3"
            >
              <label
                class="form-label"
                for="id"
              >
                Id
              </label>
              <input
                class="form-control"
                data-testid="RecommendationForm-id"
                disabled=""
                id="id"
                name="id"
                type="text"
                value="17"
              />
            </div>
            <div
              class="mb-3"
            >
              <label
                class="form-label"
                for="requesterEmail"
              >
                Requester Email
              </label>
              <input
                class="form-control"
                data-testid="RecommendationForm-requesterEmail"
                id="requesterEmail"
                name="requesterEmail"
                type="text"
              />
              <div
                class="invalid-feedback"
              />
            </div>
            <div
              class="mb-3"
            >
              <label
                class="form-label"
                for="professorEmail"
              >
                Professor Email
              </label>
              <input
                class="form-control"
                data-testid="RecommendationForm-professorEmail"
                id="professorEmail"
                name="professorEmail"
                type="text"
              />
              <div
                class="invalid-feedback"
              />
            </div>
            <div
              class="mb-3"
            >
              <label
                class="form-label"
                for="explanation"
              >
                Explanation
              </label>
              <input
                class="form-control"
                data-testid="RecommendationForm-explanation"
                id="explanation"
                name="explanation"
                type="text"
              />
              <div
                class="invalid-feedback"
              />
            </div>
            <div
              class="mb-3"
            >
              <label
                class="form-label"
                for="dateRequested"
              >
                Date Requested
              </label>
              <input
                class="form-control"
                id="dateRequested"
                name="dateRequested"
                type="datetime-local"
              />
              <div
                class="invalid-feedback"
              />
            </div>
            <div
              class="mb-3"
            >
              <label
                class="form-label"
                for="dateNeeded"
              >
                Date Needed
              </label>
              <input
                class="form-control"
                id="dateNeeded"
                name="dateNeeded"
                type="datetime-local"
              />
              <div
                class="invalid-feedback"
              />
            </div>
            <div
              class="mb-3"
            >
              <label
                class="form-label"
                for="done"
              >
                Done
              </label>
              <select
                class="form-select"
                id="done"
                name="done"
              >
                <option
                  value=""
                >
                  Select...
                </option>
                <option
                  value="true"
                >
                  True
                </option>
                <option
                  value="false"
                >
                  False
                </option>
              </select>
              <div
                class="invalid-feedback"
              />
            </div>
            <button
              class="btn btn-primary"
              type="submit"
            >
              Update
            </button>
            <button
              class="btn btn-Secondary"
              data-testid="RecommendationForm-cancel"
              type="button"
            >
              Cancel
            </button>
          </form>
        </div>
      </div>
      <footer
        class="bg-light pt-3 pt-md-4 pb-4 pb-md-5"
        data-testid="Footer"
      >
        <div
          class="container"
        >
          <p>
            This is a sample webapp using React with a Spring Boot backend. See the source code on
             
            <a
              href="https://github.com/ucsb-cs156/spring-react-template"
            >
              Github.
            </a>
          </p>
        </div>
      </footer>
    </div>
  </div>
</body>
    at waitForWrapper (/Users/mihirkondapalli/Desktop/CS156/team02-s25-10/frontend/node_modules/@testing-library/dom/dist/wait-for.js:163:27)
    at findByTestId (/Users/mihirkondapalli/Desktop/CS156/team02-s25-10/frontend/node_modules/@testing-library/dom/dist/query-helpers.js:86:33)
    at Object.<anonymous> (/Users/mihirkondapalli/Desktop/CS156/team02-s25-10/frontend/.stryker-tmp/sandbox1815899/src/tests/pages/RecommendationRequests/RecommendationRequestEditPage.test.js:115:20)
    at Promise.then.completed (/Users/mihirkondapalli/Desktop/CS156/team02-s25-10/frontend/node_modules/jest-circus/build/utils.js:391:28)
    at new Promise (<anonymous>)
    at callAsyncCircusFn (/Users/mihirkondapalli/Desktop/CS156/team02-s25-10/frontend/node_modules/jest-circus/build/utils.js:316:10)
    at _callCircusTest (/Users/mihirkondapalli/Desktop/CS156/team02-s25-10/frontend/node_modules/jest-circus/build/run.js:218:40)
    at _runTest (/Users/mihirkondapalli/Desktop/CS156/team02-s25-10/frontend/node_modules/jest-circus/build/run.js:155:3)
    at _runTestsForDescribeBlock (/Users/mihirkondapalli/Desktop/CS156/team02-s25-10/frontend/node_modules/jest-circus/build/run.js:66:9)
    at _runTestsForDescribeBlock (/Users/mihirkondapalli/Desktop/CS156/team02-s25-10/frontend/node_modules/jest-circus/build/run.js:60:9)
    at _runTestsForDescribeBlock (/Users/mihirkondapalli/Desktop/CS156/team02-s25-10/frontend/node_modules/jest-circus/build/run.js:60:9)
    at run (/Users/mihirkondapalli/Desktop/CS156/team02-s25-10/frontend/node_modules/jest-circus/build/run.js:25:3)
    at runAndTransformResultsToJestFormat (/Users/mihirkondapalli/Desktop/CS156/team02-s25-10/frontend/node_modules/jest-circus/build/legacy-code-todo-rewrite/jestAdapterInit.js:170:21)
    at jestAdapter (/Users/mihirkondapalli/Desktop/CS156/team02-s25-10/frontend/node_modules/jest-circus/build/legacy-code-todo-rewrite/jestAdapter.js:82:19)
    at runTestInternal (/Users/mihirkondapalli/Desktop/CS156/team02-s25-10/frontend/node_modules/jest-runner/build/runTest.js:389:16)
    at runTest (/Users/mihirkondapalli/Desktop/CS156/team02-s25-10/frontend/node_modules/jest-runner/build/runTest.js:475:34)
	RecommendationRequestEditPage tests tests where backend is working normally Changes when you click Update
		TestingLibraryElementError: Unable to find an element by: [data-testid="RecommendationForm-name"]

Ignored nodes: comments, script, style
<body>
  <div>
    <div
      class="d-flex flex-column min-vh-100"
    >
      <nav
        class="navbar navbar-expand-xl navbar-dark bg-dark sticky-top"
        data-testid="AppNavbar"
      >
        <div
          class="container"
        >
          <a
            class="navbar-brand"
            href="/"
          >
            Example
          </a>
          <button
            aria-label="Toggle navigation"
            class="navbar-toggler collapsed"
            type="button"
          >
            <span
              class="navbar-toggler-icon"
            />
          </button>
          <div
            class="me-auto navbar-nav"
          />
          <div
            class="justify-content-between navbar-collapse collapse"
          >
            <div
              class="mr-auto navbar-nav"
            >
              <a
                class="nav-link"
                href="/restaurants"
              >
                Restaurants
              </a>
              <a
                class="nav-link"
                href="/ucsbdates"
              >
                UCSB Dates
              </a>
              <a
                class="nav-link"
                href="/recommendationrequests"
              >
                Recommendations
              </a>
            </div>
            <div
              class="ml-auto navbar-nav"
            >
              <a
                class="me-3 navbar-text"
                href="/profile"
              >
                Welcome, 
                pconrad.cis@gmail.com
              </a>
              <button
                class="btn btn-primary"
                type="button"
              >
                Log Out
              </button>
            </div>
          </div>
        </div>
      </nav>
      <div
        class="pt-4 flex-grow-1 container"
        expand="xl"
      >
        <div
          class="pt-2"
        >
          <h1>
            Edit Recommendation Request
          </h1>
          <form
            class=""
          >
            <div
              class="mb-3"
            >
              <label
                class="form-label"
                for="id"
              >
                Id
              </label>
              <input
                class="form-control"
                data-testid="RecommendationForm-id"
                disabled=""
                id="id"
                name="id"
                type="text"
                value="17"
              />
            </div>
            <div
              class="mb-3"
            >
              <label
                class="form-label"
                for="requesterEmail"
              >
                Requester Email
              </label>
              <input
                class="form-control"
                data-testid="RecommendationForm-requesterEmail"
                id="requesterEmail"
                name="requesterEmail"
                type="text"
              />
              <div
                class="invalid-feedback"
              />
            </div>
            <div
              class="mb-3"
            >
              <label
                class="form-label"
                for="professorEmail"
              >
                Professor Email
              </label>
              <input
                class="form-control"
                data-testid="RecommendationForm-professorEmail"
                id="professorEmail"
                name="professorEmail"
                type="text"
              />
              <div
                class="invalid-feedback"
              />
            </div>
            <div
              class="mb-3"
            >
              <label
                class="form-label"
                for="explanation"
              >
                Explanation
              </label>
              <input
                class="form-control"
                data-testid="RecommendationForm-explanation"
                id="explanation"
                name="explanation"
                type="text"
              />
              <div
                class="invalid-feedback"
              />
            </div>
            <div
              class="mb-3"
            >
              <label
                class="form-label"
                for="dateRequested"
              >
                Date Requested
              </label>
              <input
                class="form-control"
                id="dateRequested"
                name="dateRequested"
                type="datetime-local"
              />
              <div
                class="invalid-feedback"
              />
            </div>
            <div
              class="mb-3"
            >
              <label
                class="form-label"
                for="dateNeeded"
              >
                Date Needed
              </label>
              <input
                class="form-control"
                id="dateNeeded"
                name="dateNeeded"
                type="datetime-local"
              />
              <div
                class="invalid-feedback"
              />
            </div>
            <div
              class="mb-3"
            >
              <label
                class="form-label"
                for="done"
              >
                Done
              </label>
              <select
                class="form-select"
                id="done"
                name="done"
              >
                <option
                  value=""
                >
                  Select...
                </option>
                <option
                  value="true"
                >
                  True
                </option>
                <option
                  value="false"
                >
                  False
                </option>
              </select>
              <div
                class="invalid-feedback"
              />
            </div>
            <button
              class="btn btn-primary"
              type="submit"
            >
              Update
            </button>
            <button
              class="btn btn-Secondary"
              data-testid="RecommendationForm-cancel"
              type="button"
            >
              Cancel
            </button>
          </form>
        </div>
      </div>
      <footer
        class="bg-light pt-3 pt-md-4 pb-4 pb-md-5"
        data-testid="Footer"
      >
        <div
          class="container"
        >
          <p>
            This is a sample webapp using React with a Spring Boot backend. See the source code on
             
            <a
              href="https://github.com/ucsb-cs156/spring-react-template"
            >
              Github.
            </a>
          </p>
        </div>
      </footer>
    </div>
  </div>
</body>
    at Object.getElementError (/Users/mihirkondapalli/Desktop/CS156/team02-s25-10/frontend/node_modules/@testing-library/dom/dist/config.js:37:19)
    at /Users/mihirkondapalli/Desktop/CS156/team02-s25-10/frontend/node_modules/@testing-library/dom/dist/query-helpers.js:76:38
    at /Users/mihirkondapalli/Desktop/CS156/team02-s25-10/frontend/node_modules/@testing-library/dom/dist/query-helpers.js:52:17
    at getByTestId (/Users/mihirkondapalli/Desktop/CS156/team02-s25-10/frontend/node_modules/@testing-library/dom/dist/query-helpers.js:95:19)
    at Object.<anonymous> (/Users/mihirkondapalli/Desktop/CS156/team02-s25-10/frontend/.stryker-tmp/sandbox1815899/src/tests/pages/RecommendationRequests/RecommendationRequestEditPage.test.js:186:32)
    at runNextTicks (node:internal/process/task_queues:60:5)
    at listOnTimeout (node:internal/timers:545:9)
    at processTimers (node:internal/timers:519:7)
05:32:17 (20970) DEBUG Stryker Not removing the temp dir because an error occurred
05:32:17 (20970) ERROR Stryker There were failed tests in the initial test run.
05:32:17 (20970) DEBUG ChildProcessProxy Disposing of worker process 20978
05:32:17 (20970) DEBUG ChildProcessProxy Disposing of worker process 20980
05:32:17 (20970) DEBUG ChildProcessProxy Disposing of worker process 21033
05:32:17 (20970) DEBUG ChildProcessProxy Disposing of worker process 21031
05:32:17 (20970) DEBUG ChildProcessProxy Disposing of worker process 21032
05:32:17 (20970) DEBUG ChildProcessProxy Disposing of worker process 20981
05:32:17 (20970) DEBUG ChildProcessProxy Disposing of worker process 20979
05:32:17 (20970) DEBUG ChildProcessProxy Kill 20978
05:32:17 (20970) DEBUG ChildProcessProxy Kill 20980
05:32:17 (20970) DEBUG ChildProcessProxy Kill 21033
05:32:17 (20970) DEBUG ChildProcessProxy Kill 21031
05:32:17 (20970) DEBUG ChildProcessProxy Kill 21032
05:32:17 (20970) DEBUG ChildProcessProxy Kill 20981
05:32:17 (20970) DEBUG ChildProcessProxy Kill 20979
05:32:18 (20970) DEBUG ChildProcessProxy Disposing of worker process 20973
05:32:18 (20970) DEBUG ChildProcessProxy Kill 20973
